0 info it worked if it ends with ok
1 verbose cli [ 'C:\\Program Files\\nodejs\\node.exe',
1 verbose cli   'C:\\Program Files\\nodejs\\node_modules\\npm\\bin\\npm-cli.js',
1 verbose cli   'install',
1 verbose cli   '-g',
1 verbose cli   'http-server',
1 verbose cli   '#',
1 verbose cli   'install',
1 verbose cli   'dependency' ]
2 info using npm@3.10.10
3 info using node@v6.11.0
4 silly loadCurrentTree Starting
5 silly install loadCurrentTree
6 silly install readGlobalPackageData
7 silly fetchPackageMetaData http-server
8 silly fetchPackageMetaData #
9 silly fetchPackageMetaData install
10 silly fetchPackageMetaData dependency
11 silly fetchNamedPackageData http-server
12 silly mapToRegistry name http-server
13 silly mapToRegistry using default registry
14 silly mapToRegistry registry https://registry.npmjs.org/
15 silly mapToRegistry data Result {
15 silly mapToRegistry   raw: 'http-server',
15 silly mapToRegistry   scope: null,
15 silly mapToRegistry   escapedName: 'http-server',
15 silly mapToRegistry   name: 'http-server',
15 silly mapToRegistry   rawSpec: '',
15 silly mapToRegistry   spec: 'latest',
15 silly mapToRegistry   type: 'tag' }
16 silly mapToRegistry uri https://registry.npmjs.org/http-server
17 silly fetchOtherPackageData #
18 silly cache add args [ '#', null ]
19 verbose cache add spec #
20 silly fetchNamedPackageData install
21 silly mapToRegistry name install
22 silly mapToRegistry using default registry
23 silly mapToRegistry registry https://registry.npmjs.org/
24 silly mapToRegistry data Result {
24 silly mapToRegistry   raw: 'install',
24 silly mapToRegistry   scope: null,
24 silly mapToRegistry   escapedName: 'install',
24 silly mapToRegistry   name: 'install',
24 silly mapToRegistry   rawSpec: '',
24 silly mapToRegistry   spec: 'latest',
24 silly mapToRegistry   type: 'tag' }
25 silly mapToRegistry uri https://registry.npmjs.org/install
26 silly fetchNamedPackageData dependency
27 silly mapToRegistry name dependency
28 silly mapToRegistry using default registry
29 silly mapToRegistry registry https://registry.npmjs.org/
30 silly mapToRegistry data Result {
30 silly mapToRegistry   raw: 'dependency',
30 silly mapToRegistry   scope: null,
30 silly mapToRegistry   escapedName: 'dependency',
30 silly mapToRegistry   name: 'dependency',
30 silly mapToRegistry   rawSpec: '',
30 silly mapToRegistry   spec: 'latest',
30 silly mapToRegistry   type: 'tag' }
31 silly mapToRegistry uri https://registry.npmjs.org/dependency
32 verbose request uri https://registry.npmjs.org/http-server
33 verbose request no auth needed
34 info attempt registry request try #1 at 2:50:22 PM
35 verbose request id a9d6cf41d9b68936
36 http request GET https://registry.npmjs.org/http-server
37 silly cache add parsed spec Result {
37 silly cache add   raw: '#',
37 silly cache add   scope: null,
37 silly cache add   escapedName: null,
37 silly cache add   name: null,
37 silly cache add   rawSpec: '#',
37 silly cache add   spec: 'C:\\Users\\Admin\\Desktop\\htmlProjects\\soundProject\\#',
37 silly cache add   type: 'local' }
38 verbose request uri https://registry.npmjs.org/install
39 verbose request no auth needed
40 info attempt registry request try #1 at 2:50:22 PM
41 http request GET https://registry.npmjs.org/install
42 verbose request uri https://registry.npmjs.org/dependency
43 verbose request no auth needed
44 info attempt registry request try #1 at 2:50:23 PM
45 http request GET https://registry.npmjs.org/dependency
46 error addLocal Could not install C:\Users\Admin\Desktop\htmlProjects\soundProject\#
47 silly fetchPackageMetaData Error: ENOENT: no such file or directory, open 'C:\Users\Admin\Desktop\htmlProjects\soundProject\#'
47 silly fetchPackageMetaData     at Error (native)
47 silly fetchPackageMetaData  error for # { Error: ENOENT: no such file or directory, open 'C:\Users\Admin\Desktop\htmlProjects\soundProject\#'
47 silly fetchPackageMetaData     at Error (native)
47 silly fetchPackageMetaData   errno: -4058,
47 silly fetchPackageMetaData   code: 'ENOENT',
47 silly fetchPackageMetaData   syscall: 'open',
47 silly fetchPackageMetaData   path: 'C:\\Users\\Admin\\Desktop\\htmlProjects\\soundProject\\#' }
48 http 200 https://registry.npmjs.org/install
49 verbose headers { 'content-type': 'application/json; charset=UTF-8',
49 verbose headers   server: 'UploadServer',
49 verbose headers   'cache-control': 'max-age=300',
49 verbose headers   'last-modified': 'Sun, 4 Feb 2018 14:45:46 GMT',
49 verbose headers   etag: '"5a771c9a-12a9b"',
49 verbose headers   'x-npm-region': 'EU-East',
49 verbose headers   'content-encoding': 'gzip',
49 verbose headers   'content-length': '9335',
49 verbose headers   'accept-ranges': 'bytes',
49 verbose headers   date: 'Mon, 05 Mar 2018 12:50:23 GMT',
49 verbose headers   via: '1.1 varnish',
49 verbose headers   age: '9954',
49 verbose headers   connection: 'keep-alive',
49 verbose headers   'x-served-by': 'cache-fra19126-FRA',
49 verbose headers   'x-cache': 'HIT',
49 verbose headers   'x-cache-hits': '1',
49 verbose headers   'x-timer': 'S1520254223.126998,VS0,VE0',
49 verbose headers   vary: 'Accept-Encoding, Accept' }
50 silly get cb [ 200,
50 silly get   { 'content-type': 'application/json; charset=UTF-8',
50 silly get     server: 'UploadServer',
50 silly get     'cache-control': 'max-age=300',
50 silly get     'last-modified': 'Sun, 4 Feb 2018 14:45:46 GMT',
50 silly get     etag: '"5a771c9a-12a9b"',
50 silly get     'x-npm-region': 'EU-East',
50 silly get     'content-encoding': 'gzip',
50 silly get     'content-length': '9335',
50 silly get     'accept-ranges': 'bytes',
50 silly get     date: 'Mon, 05 Mar 2018 12:50:23 GMT',
50 silly get     via: '1.1 varnish',
50 silly get     age: '9954',
50 silly get     connection: 'keep-alive',
50 silly get     'x-served-by': 'cache-fra19126-FRA',
50 silly get     'x-cache': 'HIT',
50 silly get     'x-cache-hits': '1',
50 silly get     'x-timer': 'S1520254223.126998,VS0,VE0',
50 silly get     vary: 'Accept-Encoding, Accept' } ]
51 verbose get saving install to C:\Users\Admin\AppData\Roaming\npm-cache\registry.npmjs.org\install\.cache.json
52 verbose correctMkdir C:\Users\Admin\AppData\Roaming\npm-cache correctMkdir not in flight; initializing
53 http 200 https://registry.npmjs.org/http-server
54 verbose headers { 'content-type': 'application/json; charset=UTF-8',
54 verbose headers   server: 'UploadServer',
54 verbose headers   'cache-control': 'max-age=300',
54 verbose headers   'last-modified': 'Sun, 4 Mar 2018 22:53:18 GMT',
54 verbose headers   etag: '"5a9c78de-1162a"',
54 verbose headers   'x-npm-region': 'EU-East',
54 verbose headers   'content-encoding': 'gzip',
54 verbose headers   'content-length': '10146',
54 verbose headers   'accept-ranges': 'bytes',
54 verbose headers   date: 'Mon, 05 Mar 2018 12:50:23 GMT',
54 verbose headers   via: '1.1 varnish',
54 verbose headers   age: '2797',
54 verbose headers   connection: 'keep-alive',
54 verbose headers   'x-served-by': 'cache-fra19133-FRA',
54 verbose headers   'x-cache': 'HIT',
54 verbose headers   'x-cache-hits': '3',
54 verbose headers   'x-timer': 'S1520254223.132422,VS0,VE0',
54 verbose headers   vary: 'Accept-Encoding, Accept' }
55 silly get cb [ 200,
55 silly get   { 'content-type': 'application/json; charset=UTF-8',
55 silly get     server: 'UploadServer',
55 silly get     'cache-control': 'max-age=300',
55 silly get     'last-modified': 'Sun, 4 Mar 2018 22:53:18 GMT',
55 silly get     etag: '"5a9c78de-1162a"',
55 silly get     'x-npm-region': 'EU-East',
55 silly get     'content-encoding': 'gzip',
55 silly get     'content-length': '10146',
55 silly get     'accept-ranges': 'bytes',
55 silly get     date: 'Mon, 05 Mar 2018 12:50:23 GMT',
55 silly get     via: '1.1 varnish',
55 silly get     age: '2797',
55 silly get     connection: 'keep-alive',
55 silly get     'x-served-by': 'cache-fra19133-FRA',
55 silly get     'x-cache': 'HIT',
55 silly get     'x-cache-hits': '3',
55 silly get     'x-timer': 'S1520254223.132422,VS0,VE0',
55 silly get     vary: 'Accept-Encoding, Accept' } ]
56 verbose get saving http-server to C:\Users\Admin\AppData\Roaming\npm-cache\registry.npmjs.org\http-server\.cache.json
57 verbose correctMkdir C:\Users\Admin\AppData\Roaming\npm-cache correctMkdir already in flight; waiting
58 http 200 https://registry.npmjs.org/dependency
59 verbose headers { 'content-type': 'application/json; charset=UTF-8',
59 verbose headers   server: 'UploadServer',
59 verbose headers   'cache-control': 'max-age=300',
59 verbose headers   'last-modified': 'Sun, 4 Nov 2012 22:51:19 GMT',
59 verbose headers   etag: '"5096f167-5be"',
59 verbose headers   'x-npm-region': 'EU-East',
59 verbose headers   'content-encoding': 'gzip',
59 verbose headers   'content-length': '575',
59 verbose headers   'accept-ranges': 'bytes',
59 verbose headers   date: 'Mon, 05 Mar 2018 12:50:23 GMT',
59 verbose headers   via: '1.1 varnish',
59 verbose headers   age: '0',
59 verbose headers   connection: 'keep-alive',
59 verbose headers   'x-served-by': 'cache-fra19132-FRA',
59 verbose headers   'x-cache': 'MISS',
59 verbose headers   'x-cache-hits': '0',
59 verbose headers   'x-timer': 'S1520254223.130340,VS0,VE260',
59 verbose headers   vary: 'Accept-Encoding, Accept' }
60 silly get cb [ 200,
60 silly get   { 'content-type': 'application/json; charset=UTF-8',
60 silly get     server: 'UploadServer',
60 silly get     'cache-control': 'max-age=300',
60 silly get     'last-modified': 'Sun, 4 Nov 2012 22:51:19 GMT',
60 silly get     etag: '"5096f167-5be"',
60 silly get     'x-npm-region': 'EU-East',
60 silly get     'content-encoding': 'gzip',
60 silly get     'content-length': '575',
60 silly get     'accept-ranges': 'bytes',
60 silly get     date: 'Mon, 05 Mar 2018 12:50:23 GMT',
60 silly get     via: '1.1 varnish',
60 silly get     age: '0',
60 silly get     connection: 'keep-alive',
60 silly get     'x-served-by': 'cache-fra19132-FRA',
60 silly get     'x-cache': 'MISS',
60 silly get     'x-cache-hits': '0',
60 silly get     'x-timer': 'S1520254223.130340,VS0,VE260',
60 silly get     vary: 'Accept-Encoding, Accept' } ]
61 verbose get saving dependency to C:\Users\Admin\AppData\Roaming\npm-cache\registry.npmjs.org\dependency\.cache.json
62 verbose correctMkdir C:\Users\Admin\AppData\Roaming\npm-cache correctMkdir not in flight; initializing
63 silly rollbackFailedOptional Starting
64 silly rollbackFailedOptional Finishing
65 silly runTopLevelLifecycles Finishing
66 silly install printInstalled
67 verbose stack Error: ENOENT: no such file or directory, open 'C:\Users\Admin\Desktop\htmlProjects\soundProject\#'
67 verbose stack     at Error (native)
68 verbose cwd C:\Users\Admin\Desktop\htmlProjects\soundProject
69 error Windows_NT 6.3.9600
70 error argv "C:\\Program Files\\nodejs\\node.exe" "C:\\Program Files\\nodejs\\node_modules\\npm\\bin\\npm-cli.js" "install" "-g" "http-server" "#" "install" "dependency"
71 error node v6.11.0
72 error npm  v3.10.10
73 error path C:\Users\Admin\Desktop\htmlProjects\soundProject\#
74 error code ENOENT
75 error errno -4058
76 error syscall open
77 error enoent ENOENT: no such file or directory, open 'C:\Users\Admin\Desktop\htmlProjects\soundProject\#'
78 error enoent ENOENT: no such file or directory, open 'C:\Users\Admin\Desktop\htmlProjects\soundProject\#'
78 error enoent This is most likely not a problem with npm itself
78 error enoent and is related to npm not being able to find a file.
79 verbose exit [ -4058, true ]
